# JRE version: Java(TM) SE Runtime Environment (17.0.12+8) (build 17.0.12+8-LTS-286)
# Java VM: Java HotSpot(TM) 64-Bit Server VM (17.0.12+8-LTS-286, mixed mode, sharing, tiered, compressed oops, compressed class ptrs, g1 gc, windows-amd64)
GC Precious Log:
 CPUs: 8 total, 8 available
 Memory: 7914M
 Large Page Support: Disabled
 NUMA Support: Disabled
 Compressed Oops: Enabled (Zero based)
 Heap Region Size: 1M
 Heap Min Capacity: 8M
 Heap Initial Capacity: 124M
 Heap Max Capacity: 768M
 Pre-touch: Disabled
 Parallel Workers: 8
 Concurrent Workers: 2
 Concurrent Refinement Workers: 8
 Periodic GC: Disabled
Heap:
 garbage-first heap   total 205824K, used 132058K [0x0000000100000000, 0x0000000130000000)
  region size 1024K, 64 young (65536K), 5 survivors (5120K)
 Metaspace       used 69918K, committed 70784K, reserved 278528K
  class space    used 9971K, committed 10368K, reserved 212992K
GC Heap History (20 events):
Event: 23.741 GC heap before
{Heap before GC invocations=26 (full 0):
 garbage-first heap   total 96256K, used 58532K [0x0000000100000000, 0x0000000130000000)
  region size 1024K, 6 young (6144K), 1 survivors (1024K)
 Metaspace       used 53424K, committed 54144K, reserved 278528K
  class space    used 7604K, committed 7936K, reserved 212992K
}
Event: 23.744 GC heap after
{Heap after GC invocations=27 (full 0):
 garbage-first heap   total 96256K, used 54710K [0x0000000100000000, 0x0000000130000000)
  region size 1024K, 1 young (1024K), 1 survivors (1024K)
 Metaspace       used 53424K, committed 54144K, reserved 278528K
  class space    used 7604K, committed 7936K, reserved 212992K
}
Event: 24.392 GC heap before
{Heap before GC invocations=28 (full 0):
 garbage-first heap   total 107520K, used 86454K [0x0000000100000000, 0x0000000130000000)
  region size 1024K, 25 young (25600K), 1 survivors (1024K)
 Metaspace       used 55764K, committed 56448K, reserved 278528K
  class space    used 7915K, committed 8256K, reserved 212992K
}
Event: 24.395 GC heap after
{Heap after GC invocations=29 (full 0):
 garbage-first heap   total 107520K, used 63427K [0x0000000100000000, 0x0000000130000000)
  region size 1024K, 3 young (3072K), 3 survivors (3072K)
 Metaspace       used 55764K, committed 56448K, reserved 278528K
  class space    used 7915K, committed 8256K, reserved 212992K
}
Event: 24.441 GC heap before
{Heap before GC invocations=29 (full 0):
 garbage-first heap   total 107520K, used 64451K [0x0000000100000000, 0x0000000130000000)
  region size 1024K, 5 young (5120K), 3 survivors (3072K)
 Metaspace       used 56025K, committed 56768K, reserved 278528K
  class space    used 7946K, committed 8320K, reserved 212992K
}
Event: 24.446 GC heap after
{Heap after GC invocations=30 (full 0):
 garbage-first heap   total 107520K, used 62431K [0x0000000100000000, 0x0000000130000000)
  region size 1024K, 1 young (1024K), 1 survivors (1024K)
 Metaspace       used 56025K, committed 56768K, reserved 278528K
  class space    used 7946K, committed 8320K, reserved 212992K
}
Event: 25.066 GC heap before
{Heap before GC invocations=30 (full 0):
 garbage-first heap   total 107520K, used 87007K [0x0000000100000000, 0x0000000130000000)
  region size 1024K, 26 young (26624K), 1 survivors (1024K)
 Metaspace       used 59009K, committed 59776K, reserved 278528K
  class space    used 8332K, committed 8704K, reserved 212992K
}
Event: 25.070 GC heap after
{Heap after GC invocations=31 (full 0):
 garbage-first heap   total 107520K, used 63213K [0x0000000100000000, 0x0000000130000000)
  region size 1024K, 1 young (1024K), 1 survivors (1024K)
 Metaspace       used 59009K, committed 59776K, reserved 278528K
  class space    used 8332K, committed 8704K, reserved 212992K
}
Event: 25.773 GC heap before
{Heap before GC invocations=32 (full 0):
 garbage-first heap   total 111616K, used 88813K [0x0000000100000000, 0x0000000130000000)
  region size 1024K, 27 young (27648K), 1 survivors (1024K)
 Metaspace       used 60885K, committed 61632K, reserved 278528K
  class space    used 8598K, committed 8960K, reserved 212992K
}
Event: 25.778 GC heap after
{Heap after GC invocations=33 (full 0):
 garbage-first heap   total 111616K, used 64636K [0x0000000100000000, 0x0000000130000000)
  region size 1024K, 3 young (3072K), 3 survivors (3072K)
 Metaspace       used 60885K, committed 61632K, reserved 278528K
  class space    used 8598K, committed 8960K, reserved 212992K
}
Event: 25.811 GC heap before
{Heap before GC invocations=33 (full 0):
 garbage-first heap   total 111616K, used 66684K [0x0000000100000000, 0x0000000130000000)
  region size 1024K, 5 young (5120K), 3 survivors (3072K)
 Metaspace       used 61067K, committed 61824K, reserved 278528K
  class space    used 8615K, committed 8960K, reserved 212992K
}
Event: 25.817 GC heap after
{Heap after GC invocations=34 (full 0):
 garbage-first heap   total 111616K, used 64178K [0x0000000100000000, 0x0000000130000000)
  region size 1024K, 1 young (1024K), 1 survivors (1024K)
 Metaspace       used 61067K, committed 61824K, reserved 278528K
  class space    used 8615K, committed 8960K, reserved 212992K
}
Event: 26.360 GC heap before
{Heap before GC invocations=34 (full 0):
 garbage-first heap   total 111616K, used 95922K [0x0000000100000000, 0x0000000130000000)
  region size 1024K, 29 young (29696K), 1 survivors (1024K)
 Metaspace       used 62789K, committed 63616K, reserved 278528K
  class space    used 8859K, committed 9280K, reserved 212992K
}
Event: 26.363 GC heap after
{Heap after GC invocations=35 (full 0):
 garbage-first heap   total 111616K, used 68016K [0x0000000100000000, 0x0000000130000000)
  region size 1024K, 2 young (2048K), 2 survivors (2048K)
 Metaspace       used 62789K, committed 63616K, reserved 278528K
  class space    used 8859K, committed 9280K, reserved 212992K
}
Event: 27.032 GC heap before
{Heap before GC invocations=36 (full 0):
 garbage-first heap   total 122880K, used 91568K [0x0000000100000000, 0x0000000130000000)
  region size 1024K, 26 young (26624K), 2 survivors (2048K)
 Metaspace       used 64178K, committed 64960K, reserved 278528K
  class space    used 9074K, committed 9472K, reserved 212992K
}
Event: 27.037 GC heap after
{Heap after GC invocations=37 (full 0):
 garbage-first heap   total 122880K, used 68742K [0x0000000100000000, 0x0000000130000000)
  region size 1024K, 2 young (2048K), 2 survivors (2048K)
 Metaspace       used 64178K, committed 64960K, reserved 278528K
  class space    used 9074K, committed 9472K, reserved 212992K
}
Event: 27.152 GC heap before
{Heap before GC invocations=37 (full 0):
 garbage-first heap   total 122880K, used 72838K [0x0000000100000000, 0x0000000130000000)
  region size 1024K, 6 young (6144K), 2 survivors (2048K)
 Metaspace       used 64610K, committed 65408K, reserved 278528K
  class space    used 9134K, committed 9536K, reserved 212992K
}
Event: 27.156 GC heap after
{Heap after GC invocations=38 (full 0):
 garbage-first heap   total 122880K, used 68741K [0x0000000100000000, 0x0000000130000000)
  region size 1024K, 1 young (1024K), 1 survivors (1024K)
 Metaspace       used 64610K, committed 65408K, reserved 278528K
  class space    used 9134K, committed 9536K, reserved 212992K
}
Event: 28.230 GC heap before
{Heap before GC invocations=38 (full 0):
 garbage-first heap   total 122880K, used 103557K [0x0000000100000000, 0x0000000130000000)
  region size 1024K, 35 young (35840K), 1 survivors (1024K)
 Metaspace       used 66448K, committed 67264K, reserved 278528K
  class space    used 9390K, committed 9792K, reserved 212992K
}
Event: 28.237 GC heap after
{Heap after GC invocations=39 (full 0):
 garbage-first heap   total 205824K, used 72666K [0x0000000100000000, 0x0000000130000000)
  region size 1024K, 5 young (5120K), 5 survivors (5120K)
 Metaspace       used 66448K, committed 67264K, reserved 278528K
  class space    used 9390K, committed 9792K, reserved 212992K
}

